  pch.cpp
  19T2-GAD173-Brief1-Taennler-1015901.cpp
z:\documents\gitlocal\saegad173\19t2-gad173-brief1-taennler-1015901\19t2-gad173-brief1-taennler-1015901\19t2-gad173-brief1-taennler-1015901.cpp(202): warning C4244: 'argument': conversion from 'double' to 'T', possible loss of data
          with
          [
              T=float
          ]
z:\documents\gitlocal\saegad173\19t2-gad173-brief1-taennler-1015901\19t2-gad173-brief1-taennler-1015901\19t2-gad173-brief1-taennler-1015901.cpp(203): warning C4244: 'argument': conversion from 'double' to 'T', possible loss of data
          with
          [
              T=float
          ]
z:\documents\gitlocal\saegad173\19t2-gad173-brief1-taennler-1015901\19t2-gad173-brief1-taennler-1015901\19t2-gad173-brief1-taennler-1015901.cpp(304): warning C4267: 'initializing': conversion from 'size_t' to 'int', possible loss of data
z:\documents\gitlocal\saegad173\19t2-gad173-brief1-taennler-1015901\19t2-gad173-brief1-taennler-1015901\19t2-gad173-brief1-taennler-1015901.cpp(321): warning C4267: 'initializing': conversion from 'size_t' to 'int', possible loss of data
z:\documents\gitlocal\saegad173\19t2-gad173-brief1-taennler-1015901\19t2-gad173-brief1-taennler-1015901\19t2-gad173-brief1-taennler-1015901.cpp(357): warning C4267: 'initializing': conversion from 'size_t' to 'int', possible loss of data
z:\documents\gitlocal\saegad173\19t2-gad173-brief1-taennler-1015901\19t2-gad173-brief1-taennler-1015901\19t2-gad173-brief1-taennler-1015901.cpp(440): warning C4305: '*=': truncation from 'double' to 'T'
          with
          [
              T=float
          ]
z:\documents\gitlocal\saegad173\19t2-gad173-brief1-taennler-1015901\19t2-gad173-brief1-taennler-1015901\19t2-gad173-brief1-taennler-1015901.cpp(455): warning C4305: '*=': truncation from 'double' to 'T'
          with
          [
              T=float
          ]
  19T2-GAD173-Brief1-Taennler-1015901.vcxproj -> Z:\Documents\gitlocal\SAEGAD173\19T2-GAD173-Brief1-Taennler-1015901\x64\Debug\19T2-GAD173-Brief1-Taennler-1015901.exe
